<?xml version="1.0" encoding="UTF-8"?>
<coverage generated="1677549473255" clover="3.2.0">
  <project timestamp="1677549473255" name="All files">
    <metrics statements="35" coveredstatements="33" conditionals="39" coveredconditionals="31" methods="6" coveredmethods="6" elements="80" coveredelements="70" complexity="0" loc="35" ncloc="35" packages="1" files="1" classes="1"/>
    <file name="robot.js" path="/Users/jeanvittory/Documents/Programacion/makeit/robot-exercise/Testing/src/robot.js">
      <metrics statements="35" coveredstatements="33" conditionals="39" coveredconditionals="31" methods="6" coveredmethods="6"/>
      <line num="1" count="1" type="cond" truecount="1" falsecount="0"/>
      <line num="2" count="12" type="stmt"/>
      <line num="3" count="12" type="stmt"/>
      <line num="4" count="12" type="stmt"/>
      <line num="7" count="10" type="stmt"/>
      <line num="8" count="10" type="cond" truecount="6" falsecount="0"/>
      <line num="9" count="2" type="stmt"/>
      <line num="11" count="8" type="cond" truecount="2" falsecount="0"/>
      <line num="12" count="6" type="cond" truecount="1" falsecount="1"/>
      <line num="13" count="0" type="cond" truecount="0" falsecount="2"/>
      <line num="14" count="0" type="cond" truecount="0" falsecount="2"/>
      <line num="16" count="2" type="stmt"/>
      <line num="21" count="7" type="cond" truecount="2" falsecount="0"/>
      <line num="22" count="3" type="cond" truecount="2" falsecount="0"/>
      <line num="23" count="2" type="cond" truecount="2" falsecount="0"/>
      <line num="24" count="1" type="cond" truecount="1" falsecount="1"/>
      <line num="28" count="8" type="cond" truecount="2" falsecount="0"/>
      <line num="29" count="6" type="cond" truecount="2" falsecount="0"/>
      <line num="30" count="2" type="cond" truecount="2" falsecount="0"/>
      <line num="31" count="1" type="cond" truecount="1" falsecount="1"/>
      <line num="35" count="3" type="stmt"/>
      <line num="37" count="3" type="stmt"/>
      <line num="38" count="3" type="stmt"/>
      <line num="39" count="16" type="cond" truecount="2" falsecount="0"/>
      <line num="40" count="13" type="cond" truecount="2" falsecount="0"/>
      <line num="41" count="9" type="stmt"/>
      <line num="42" count="9" type="cond" truecount="2" falsecount="0"/>
      <line num="43" count="7" type="stmt"/>
      <line num="46" count="2" type="stmt"/>
      <line num="48" count="1" type="cond" truecount="1" falsecount="1"/>
      <line num="49" count="1" type="stmt"/>
      <line num="52" count="12" type="stmt"/>
      <line num="55" count="1" type="stmt"/>
      <line num="56" count="1" type="stmt"/>
      <line num="58" count="1" type="stmt"/>
    </file>
  </project>
</coverage>
