{"/Users/jeanvittory/Documents/Programacion/makeit/robot-exercise/Testing/src/robot.js": {"path":"/Users/jeanvittory/Documents/Programacion/makeit/robot-exercise/Testing/src/robot.js","statementMap":{"0":{"start":{"line":1,"column":20},"end":{"line":53,"column":1}},"1":{"start":{"line":2,"column":10},"end":{"line":2,"column":11}},"2":{"start":{"line":3,"column":10},"end":{"line":3,"column":11}},"3":{"start":{"line":4,"column":19},"end":{"line":4,"column":20}},"4":{"start":{"line":7,"column":2},"end":{"line":17,"column":3}},"5":{"start":{"line":8,"column":3},"end":{"line":10,"column":4}},"6":{"start":{"line":9,"column":4},"end":{"line":9,"column":40}},"7":{"start":{"line":11,"column":3},"end":{"line":11,"column":45}},"8":{"start":{"line":11,"column":28},"end":{"line":11,"column":45}},"9":{"start":{"line":12,"column":3},"end":{"line":12,"column":45}},"10":{"start":{"line":12,"column":28},"end":{"line":12,"column":45}},"11":{"start":{"line":13,"column":3},"end":{"line":13,"column":45}},"12":{"start":{"line":13,"column":28},"end":{"line":13,"column":45}},"13":{"start":{"line":14,"column":3},"end":{"line":14,"column":45}},"14":{"start":{"line":14,"column":28},"end":{"line":14,"column":45}},"15":{"start":{"line":16,"column":3},"end":{"line":16,"column":16}},"16":{"start":{"line":21,"column":2},"end":{"line":21,"column":54}},"17":{"start":{"line":21,"column":27},"end":{"line":21,"column":54}},"18":{"start":{"line":22,"column":2},"end":{"line":22,"column":54}},"19":{"start":{"line":22,"column":27},"end":{"line":22,"column":54}},"20":{"start":{"line":23,"column":2},"end":{"line":23,"column":54}},"21":{"start":{"line":23,"column":27},"end":{"line":23,"column":54}},"22":{"start":{"line":24,"column":2},"end":{"line":24,"column":54}},"23":{"start":{"line":24,"column":27},"end":{"line":24,"column":54}},"24":{"start":{"line":28,"column":2},"end":{"line":28,"column":54}},"25":{"start":{"line":28,"column":27},"end":{"line":28,"column":54}},"26":{"start":{"line":29,"column":2},"end":{"line":29,"column":54}},"27":{"start":{"line":29,"column":27},"end":{"line":29,"column":54}},"28":{"start":{"line":30,"column":2},"end":{"line":30,"column":54}},"29":{"start":{"line":30,"column":27},"end":{"line":30,"column":54}},"30":{"start":{"line":31,"column":2},"end":{"line":31,"column":54}},"31":{"start":{"line":31,"column":27},"end":{"line":31,"column":54}},"32":{"start":{"line":35,"column":18},"end":{"line":35,"column":34}},"33":{"start":{"line":37,"column":2},"end":{"line":47,"column":3}},"34":{"start":{"line":38,"column":3},"end":{"line":44,"column":6}},"35":{"start":{"line":39,"column":4},"end":{"line":39,"column":46}},"36":{"start":{"line":39,"column":27},"end":{"line":39,"column":46}},"37":{"start":{"line":40,"column":4},"end":{"line":40,"column":45}},"38":{"start":{"line":40,"column":27},"end":{"line":40,"column":45}},"39":{"start":{"line":41,"column":4},"end":{"line":41,"column":24}},"40":{"start":{"line":42,"column":4},"end":{"line":42,"column":59}},"41":{"start":{"line":42,"column":34},"end":{"line":42,"column":59}},"42":{"start":{"line":43,"column":4},"end":{"line":43,"column":19}},"43":{"start":{"line":46,"column":3},"end":{"line":46,"column":24}},"44":{"start":{"line":48,"column":2},"end":{"line":48,"column":39}},"45":{"start":{"line":48,"column":32},"end":{"line":48,"column":39}},"46":{"start":{"line":49,"column":2},"end":{"line":49,"column":55}},"47":{"start":{"line":52,"column":1},"end":{"line":52,"column":55}},"48":{"start":{"line":55,"column":12},"end":{"line":55,"column":29}},"49":{"start":{"line":56,"column":0},"end":{"line":56,"column":42}},"50":{"start":{"line":58,"column":0},"end":{"line":58,"column":34}}},"fnMap":{"0":{"name":"(anonymous_0)","decl":{"start":{"line":1,"column":20},"end":{"line":1,"column":21}},"loc":{"start":{"line":1,"column":39},"end":{"line":53,"column":1}},"line":1},"1":{"name":"advance","decl":{"start":{"line":6,"column":10},"end":{"line":6,"column":17}},"loc":{"start":{"line":6,"column":20},"end":{"line":18,"column":2}},"line":6},"2":{"name":"turnRight","decl":{"start":{"line":20,"column":10},"end":{"line":20,"column":19}},"loc":{"start":{"line":20,"column":22},"end":{"line":25,"column":2}},"line":20},"3":{"name":"turnLeft","decl":{"start":{"line":27,"column":10},"end":{"line":27,"column":18}},"loc":{"start":{"line":27,"column":21},"end":{"line":32,"column":2}},"line":27},"4":{"name":"instructions","decl":{"start":{"line":34,"column":10},"end":{"line":34,"column":22}},"loc":{"start":{"line":34,"column":31},"end":{"line":50,"column":2}},"line":34},"5":{"name":"(anonymous_5)","decl":{"start":{"line":38,"column":21},"end":{"line":38,"column":22}},"loc":{"start":{"line":38,"column":36},"end":{"line":44,"column":4}},"line":38}},"branchMap":{"0":{"loc":{"start":{"line":1,"column":27},"end":{"line":1,"column":34}},"type":"default-arg","locations":[{"start":{"line":1,"column":31},"end":{"line":1,"column":34}}],"line":1},"1":{"loc":{"start":{"line":8,"column":3},"end":{"line":10,"column":4}},"type":"if","locations":[{"start":{"line":8,"column":3},"end":{"line":10,"column":4}},{"start":{},"end":{}}],"line":8},"2":{"loc":{"start":{"line":8,"column":7},"end":{"line":8,"column":45}},"type":"binary-expr","locations":[{"start":{"line":8,"column":7},"end":{"line":8,"column":14}},{"start":{"line":8,"column":18},"end":{"line":8,"column":25}},{"start":{"line":8,"column":29},"end":{"line":8,"column":35}},{"start":{"line":8,"column":39},"end":{"line":8,"column":45}}],"line":8},"3":{"loc":{"start":{"line":11,"column":3},"end":{"line":11,"column":45}},"type":"if","locations":[{"start":{"line":11,"column":3},"end":{"line":11,"column":45}},{"start":{},"end":{}}],"line":11},"4":{"loc":{"start":{"line":12,"column":3},"end":{"line":12,"column":45}},"type":"if","locations":[{"start":{"line":12,"column":3},"end":{"line":12,"column":45}},{"start":{},"end":{}}],"line":12},"5":{"loc":{"start":{"line":13,"column":3},"end":{"line":13,"column":45}},"type":"if","locations":[{"start":{"line":13,"column":3},"end":{"line":13,"column":45}},{"start":{},"end":{}}],"line":13},"6":{"loc":{"start":{"line":14,"column":3},"end":{"line":14,"column":45}},"type":"if","locations":[{"start":{"line":14,"column":3},"end":{"line":14,"column":45}},{"start":{},"end":{}}],"line":14},"7":{"loc":{"start":{"line":21,"column":2},"end":{"line":21,"column":54}},"type":"if","locations":[{"start":{"line":21,"column":2},"end":{"line":21,"column":54}},{"start":{},"end":{}}],"line":21},"8":{"loc":{"start":{"line":22,"column":2},"end":{"line":22,"column":54}},"type":"if","locations":[{"start":{"line":22,"column":2},"end":{"line":22,"column":54}},{"start":{},"end":{}}],"line":22},"9":{"loc":{"start":{"line":23,"column":2},"end":{"line":23,"column":54}},"type":"if","locations":[{"start":{"line":23,"column":2},"end":{"line":23,"column":54}},{"start":{},"end":{}}],"line":23},"10":{"loc":{"start":{"line":24,"column":2},"end":{"line":24,"column":54}},"type":"if","locations":[{"start":{"line":24,"column":2},"end":{"line":24,"column":54}},{"start":{},"end":{}}],"line":24},"11":{"loc":{"start":{"line":28,"column":2},"end":{"line":28,"column":54}},"type":"if","locations":[{"start":{"line":28,"column":2},"end":{"line":28,"column":54}},{"start":{},"end":{}}],"line":28},"12":{"loc":{"start":{"line":29,"column":2},"end":{"line":29,"column":54}},"type":"if","locations":[{"start":{"line":29,"column":2},"end":{"line":29,"column":54}},{"start":{},"end":{}}],"line":29},"13":{"loc":{"start":{"line":30,"column":2},"end":{"line":30,"column":54}},"type":"if","locations":[{"start":{"line":30,"column":2},"end":{"line":30,"column":54}},{"start":{},"end":{}}],"line":30},"14":{"loc":{"start":{"line":31,"column":2},"end":{"line":31,"column":54}},"type":"if","locations":[{"start":{"line":31,"column":2},"end":{"line":31,"column":54}},{"start":{},"end":{}}],"line":31},"15":{"loc":{"start":{"line":39,"column":4},"end":{"line":39,"column":46}},"type":"if","locations":[{"start":{"line":39,"column":4},"end":{"line":39,"column":46}},{"start":{},"end":{}}],"line":39},"16":{"loc":{"start":{"line":40,"column":4},"end":{"line":40,"column":45}},"type":"if","locations":[{"start":{"line":40,"column":4},"end":{"line":40,"column":45}},{"start":{},"end":{}}],"line":40},"17":{"loc":{"start":{"line":42,"column":4},"end":{"line":42,"column":59}},"type":"if","locations":[{"start":{"line":42,"column":4},"end":{"line":42,"column":59}},{"start":{},"end":{}}],"line":42},"18":{"loc":{"start":{"line":48,"column":2},"end":{"line":48,"column":39}},"type":"if","locations":[{"start":{"line":48,"column":2},"end":{"line":48,"column":39}},{"start":{},"end":{}}],"line":48}},"s":{"0":1,"1":12,"2":12,"3":12,"4":10,"5":10,"6":2,"7":8,"8":2,"9":6,"10":6,"11":0,"12":0,"13":0,"14":0,"15":2,"16":7,"17":4,"18":3,"19":1,"20":2,"21":1,"22":1,"23":1,"24":8,"25":2,"26":6,"27":4,"28":2,"29":1,"30":1,"31":1,"32":3,"33":3,"34":3,"35":16,"36":3,"37":13,"38":4,"39":9,"40":9,"41":2,"42":7,"43":2,"44":1,"45":0,"46":1,"47":12,"48":1,"49":1,"50":1},"f":{"0":12,"1":10,"2":7,"3":8,"4":3,"5":16},"b":{"0":[6],"1":[2,8],"2":[10,8,8,8],"3":[2,6],"4":[6,0],"5":[0,0],"6":[0,0],"7":[4,3],"8":[1,2],"9":[1,1],"10":[1,0],"11":[2,6],"12":[4,2],"13":[1,1],"14":[1,0],"15":[3,13],"16":[4,9],"17":[2,7],"18":[0,1]},"_coverageSchema":"1a1c01bbd47fc00a2c39e90264f33305004495a9","hash":"bea001214f1ac04435a47b39a8427db9c003d75d"}
}
