TN:
SF:src/robot.js
FN:1,(anonymous_0)
FN:6,advance
FN:20,turnRight
FN:27,turnLeft
FN:34,instructions
FN:38,(anonymous_5)
FNF:6
FNH:6
FNDA:12,(anonymous_0)
FNDA:10,advance
FNDA:7,turnRight
FNDA:8,turnLeft
FNDA:3,instructions
FNDA:16,(anonymous_5)
DA:1,1
DA:2,12
DA:3,12
DA:4,12
DA:7,10
DA:8,10
DA:9,2
DA:11,8
DA:12,6
DA:13,0
DA:14,0
DA:16,2
DA:21,7
DA:22,3
DA:23,2
DA:24,1
DA:28,8
DA:29,6
DA:30,2
DA:31,1
DA:35,3
DA:37,3
DA:38,3
DA:39,16
DA:40,13
DA:41,9
DA:42,9
DA:43,7
DA:46,2
DA:48,1
DA:49,1
DA:52,12
DA:55,1
DA:56,1
DA:58,1
LF:35
LH:33
BRDA:1,0,0,6
BRDA:8,1,0,2
BRDA:8,1,1,8
BRDA:8,2,0,10
BRDA:8,2,1,8
BRDA:8,2,2,8
BRDA:8,2,3,8
BRDA:11,3,0,2
BRDA:11,3,1,6
BRDA:12,4,0,6
BRDA:12,4,1,0
BRDA:13,5,0,0
BRDA:13,5,1,0
BRDA:14,6,0,0
BRDA:14,6,1,0
BRDA:21,7,0,4
BRDA:21,7,1,3
BRDA:22,8,0,1
BRDA:22,8,1,2
BRDA:23,9,0,1
BRDA:23,9,1,1
BRDA:24,10,0,1
BRDA:24,10,1,0
BRDA:28,11,0,2
BRDA:28,11,1,6
BRDA:29,12,0,4
BRDA:29,12,1,2
BRDA:30,13,0,1
BRDA:30,13,1,1
BRDA:31,14,0,1
BRDA:31,14,1,0
BRDA:39,15,0,3
BRDA:39,15,1,13
BRDA:40,16,0,4
BRDA:40,16,1,9
BRDA:42,17,0,2
BRDA:42,17,1,7
BRDA:48,18,0,0
BRDA:48,18,1,1
BRF:39
BRH:31
end_of_record
